Mon Feb 19 2018 09:36:41 GMT-0600 (Central Standard Time): GET /
Mon Feb 19 2018 09:36:41 GMT-0600 (Central Standard Time): GET /css/bootstrap.min.css
Mon Feb 19 2018 09:36:41 GMT-0600 (Central Standard Time): GET /css/mdb.min.css
Mon Feb 19 2018 09:36:41 GMT-0600 (Central Standard Time): GET /css/mdb.css
Mon Feb 19 2018 09:36:41 GMT-0600 (Central Standard Time): GET /css/style.css
Mon Feb 19 2018 09:36:41 GMT-0600 (Central Standard Time): GET /css/card-styles.css
Mon Feb 19 2018 09:36:41 GMT-0600 (Central Standard Time): GET /javascripts/main.js
Mon Feb 19 2018 09:36:47 GMT-0600 (Central Standard Time): GET /article
Mon Feb 19 2018 09:36:47 GMT-0600 (Central Standard Time): GET /article
Mon Feb 19 2018 09:36:47 GMT-0600 (Central Standard Time): GET /css/bootstrap.min.css
Mon Feb 19 2018 09:36:47 GMT-0600 (Central Standard Time): GET /css/mdb.min.css
Mon Feb 19 2018 09:36:47 GMT-0600 (Central Standard Time): GET /css/mdb.css
Mon Feb 19 2018 09:36:47 GMT-0600 (Central Standard Time): GET /css/style.css
Mon Feb 19 2018 09:36:47 GMT-0600 (Central Standard Time): GET /css/card-styles.css
Mon Feb 19 2018 09:36:47 GMT-0600 (Central Standard Time): GET /javascripts/main.js
Mon Feb 19 2018 09:38:30 GMT-0600 (Central Standard Time): GET /
Mon Feb 19 2018 09:38:30 GMT-0600 (Central Standard Time): GET /css/bootstrap.min.css
Mon Feb 19 2018 09:38:30 GMT-0600 (Central Standard Time): GET /css/mdb.min.css
Mon Feb 19 2018 09:38:30 GMT-0600 (Central Standard Time): GET /css/mdb.css
Mon Feb 19 2018 09:38:30 GMT-0600 (Central Standard Time): GET /css/style.css
Mon Feb 19 2018 09:38:30 GMT-0600 (Central Standard Time): GET /css/card-styles.css
Mon Feb 19 2018 09:38:30 GMT-0600 (Central Standard Time): GET /javascripts/main.js
Mon Feb 19 2018 09:38:31 GMT-0600 (Central Standard Time): GET /javascripts/main.js
Mon Feb 19 2018 09:38:40 GMT-0600 (Central Standard Time): GET /article
Mon Feb 19 2018 09:38:40 GMT-0600 (Central Standard Time): GET /article
Mon Feb 19 2018 09:38:40 GMT-0600 (Central Standard Time): GET /css/bootstrap.min.css
Mon Feb 19 2018 09:38:40 GMT-0600 (Central Standard Time): GET /css/mdb.min.css
Mon Feb 19 2018 09:38:40 GMT-0600 (Central Standard Time): GET /css/mdb.css
Mon Feb 19 2018 09:38:40 GMT-0600 (Central Standard Time): GET /css/style.css
Mon Feb 19 2018 09:38:40 GMT-0600 (Central Standard Time): GET /css/card-styles.css
Mon Feb 19 2018 09:38:40 GMT-0600 (Central Standard Time): GET /javascripts/main.js
Mon Feb 19 2018 09:59:57 GMT-0600 (Central Standard Time): GET /
Mon Feb 19 2018 09:59:57 GMT-0600 (Central Standard Time): GET /css/bootstrap.min.css
Mon Feb 19 2018 09:59:57 GMT-0600 (Central Standard Time): GET /css/mdb.min.css
Mon Feb 19 2018 09:59:57 GMT-0600 (Central Standard Time): GET /css/mdb.css
Mon Feb 19 2018 09:59:57 GMT-0600 (Central Standard Time): GET /css/style.css
Mon Feb 19 2018 09:59:57 GMT-0600 (Central Standard Time): GET /css/card-styles.css
Mon Feb 19 2018 09:59:57 GMT-0600 (Central Standard Time): GET /javascripts/main.js
Mon Feb 19 2018 10:00:03 GMT-0600 (Central Standard Time): GET /article
Mon Feb 19 2018 10:00:03 GMT-0600 (Central Standard Time): GET /article
Mon Feb 19 2018 10:00:03 GMT-0600 (Central Standard Time): GET /css/bootstrap.min.css
Mon Feb 19 2018 10:00:03 GMT-0600 (Central Standard Time): GET /css/mdb.min.css
Mon Feb 19 2018 10:00:03 GMT-0600 (Central Standard Time): GET /css/mdb.css
Mon Feb 19 2018 10:00:03 GMT-0600 (Central Standard Time): GET /css/style.css
Mon Feb 19 2018 10:00:03 GMT-0600 (Central Standard Time): GET /css/card-styles.css
Mon Feb 19 2018 10:00:03 GMT-0600 (Central Standard Time): GET /javascripts/main.js
